ERROR   2022-12-08 18:05:03,584 [main] com.project.service.impl.DentistServiceImpl  - Dentist must contain Id in order to Update it
INFO    2022-12-08 18:05:27,534 [main] com.project.service.impl.DentistServiceImpl  - Dentist with Id 1 has been updated
INFO    2022-12-08 18:06:36,235 [main] com.project.service.impl.DentistServiceImpl  - Dentist with Id 1 has been updated
INFO    2022-12-08 18:08:28,065 [main] com.project.service.impl.DentistServiceImpl  - Dentist with Id 1 has been updated
INFO    2022-12-08 18:10:58,508 [main] com.project.service.impl.DentistServiceImpl  - Dentist with Id 1 has been updated
INFO    2022-12-08 18:11:57,983 [main] com.project.service.impl.DentistServiceImpl  - Dentist with Id 1 has been updated
INFO    2022-12-08 18:12:43,687 [main] com.project.service.impl.DentistServiceImpl  - Dentist with Id 1 has been updated
INFO    2022-12-08 18:16:38,730 [main] com.project.service.impl.DentistServiceImpl  - Dentist with Id 4 has been updated
INFO    2022-12-08 18:17:36,767 [main] com.project.service.impl.DentistServiceImpl  - Dentist with Id 4 has been updated
INFO    2022-12-08 18:18:51,915 [main] com.project.service.impl.DentistServiceImpl  - Dentist with Id 1 has been updated
INFO    2022-12-08 18:19:17,293 [main] com.project.service.impl.DentistServiceImpl  - Dentist with Id 1 has been updated
INFO    2022-12-08 18:20:03,840 [main] com.project.service.impl.DentistServiceImpl  - Dentist with Id 1 has been updated
INFO    2022-12-08 18:21:22,912 [main] com.project.service.impl.DentistServiceImpl  - Dentist with Id 1 has been updated
INFO    2022-12-08 18:22:15,848 [main] com.project.service.impl.DentistServiceImpl  - Dentist with Id 1 has been updated
ERROR   2022-12-08 18:22:38,045 [http-nio-8080-exec-3] com.project.service.impl.DentistServiceImpl  - Dentist with Id 1 was not found
INFO    2022-12-08 18:22:45,663 [http-nio-8080-exec-5] com.project.service.impl.DentistServiceImpl  - Dentist has been created
INFO    2022-12-08 18:23:02,010 [http-nio-8080-exec-8] com.project.service.impl.DentistServiceImpl  - Dentist with Id 1 has been updated
INFO    2022-12-08 18:23:11,508 [http-nio-8080-exec-10] com.project.service.impl.DentistServiceImpl  - Dentist with Id 1 has been updated
INFO    2022-12-08 18:24:05,335 [main] com.project.service.impl.DentistServiceImpl  - Dentist with Id 1 has been updated
INFO    2022-12-08 18:24:50,098 [main] com.project.service.impl.DentistServiceImpl  - Dentist with Id 1 has been updated
ERROR   2022-12-08 18:59:01,482 [main] com.project.service.impl.PatientServiceImpl  - Patient must contain Id in order to update it
INFO    2022-12-08 18:59:04,653 [main] com.project.service.impl.PatientServiceImpl  - Patient has been created
INFO    2022-12-08 18:59:55,836 [main] com.project.service.impl.PatientServiceImpl  - Patient with Id 1 has been updated
INFO    2022-12-08 19:01:34,165 [main] com.project.service.impl.PatientServiceImpl  - Patient with Id 1 has been updated
INFO    2022-12-08 19:01:36,335 [main] com.project.service.impl.PatientServiceImpl  - Patient with Id 1 has been deleted
ERROR   2022-12-08 19:01:36,341 [main] com.project.service.impl.PatientServiceImpl  - Patient with Id 1 was not found
INFO    2022-12-08 19:01:36,746 [main] com.project.service.impl.PatientServiceImpl  - Patient with Id 1 has been deleted
INFO    2022-12-08 19:01:37,125 [main] com.project.service.impl.PatientServiceImpl  - Patient has been created
INFO    2022-12-10 18:59:03,811 [main] com.project.service.impl.PatientServiceImpl  - Patient with Id 1 has been updated
INFO    2022-12-10 18:59:06,455 [main] com.project.service.impl.PatientServiceImpl  - Patient with Id 1 has been deleted
ERROR   2022-12-10 18:59:06,463 [main] com.project.service.impl.PatientServiceImpl  - Patient with Id 1 was not found
INFO    2022-12-10 18:59:06,935 [main] com.project.service.impl.PatientServiceImpl  - Patient with Id 1 has been deleted
INFO    2022-12-10 18:59:07,384 [main] com.project.service.impl.PatientServiceImpl  - Patient has been created
INFO    2022-12-10 19:09:51,201 [main] com.project.service.impl.PatientServiceImpl  - Patient with Id 1 has been updated
INFO    2022-12-10 19:09:53,388 [main] com.project.service.impl.PatientServiceImpl  - Patient with Id 1 has been deleted
ERROR   2022-12-10 19:09:53,400 [main] com.project.service.impl.PatientServiceImpl  - Patient with Id 1 was not found
INFO    2022-12-10 19:09:53,837 [main] com.project.service.impl.PatientServiceImpl  - Patient with Id 1 has been deleted
INFO    2022-12-10 19:09:54,239 [main] com.project.service.impl.PatientServiceImpl  - Patient has been created
INFO    2022-12-10 19:44:47,141 [main] com.project.service.impl.DentistServiceImpl  - Dentist has been created
INFO    2022-12-10 19:44:47,143 [main] com.project.service.impl.DentistServiceImpl  - Dentist has been created
INFO    2022-12-10 19:44:47,144 [main] com.project.service.impl.DentistServiceImpl  - Dentist has been created
INFO    2022-12-10 19:44:47,147 [main] com.project.service.impl.PatientServiceImpl  - Patient has been created
INFO    2022-12-10 19:44:47,148 [main] com.project.service.impl.PatientServiceImpl  - Patient has been created
INFO    2022-12-10 19:44:47,149 [main] com.project.service.impl.PatientServiceImpl  - Patient has been created
INFO    2022-12-10 19:45:16,614 [main] com.project.service.impl.DentistServiceImpl  - Dentist has been created
INFO    2022-12-10 19:45:16,615 [main] com.project.service.impl.DentistServiceImpl  - Dentist has been created
INFO    2022-12-10 19:45:16,616 [main] com.project.service.impl.DentistServiceImpl  - Dentist has been created
INFO    2022-12-10 19:45:16,620 [main] com.project.service.impl.PatientServiceImpl  - Patient has been created
INFO    2022-12-10 19:45:16,620 [main] com.project.service.impl.PatientServiceImpl  - Patient has been created
INFO    2022-12-10 19:45:16,621 [main] com.project.service.impl.PatientServiceImpl  - Patient has been created
INFO    2022-12-10 19:46:17,233 [main] com.project.service.impl.DentistServiceImpl  - Dentist has been created
INFO    2022-12-10 19:46:17,235 [main] com.project.service.impl.DentistServiceImpl  - Dentist has been created
INFO    2022-12-10 19:46:17,236 [main] com.project.service.impl.DentistServiceImpl  - Dentist has been created
INFO    2022-12-10 19:46:17,239 [main] com.project.service.impl.PatientServiceImpl  - Patient has been created
INFO    2022-12-10 19:46:17,240 [main] com.project.service.impl.PatientServiceImpl  - Patient has been created
INFO    2022-12-10 19:46:17,241 [main] com.project.service.impl.PatientServiceImpl  - Patient has been created
INFO    2022-12-10 19:46:36,695 [main] com.project.service.impl.DentistServiceImpl  - Dentist has been created
INFO    2022-12-10 19:46:36,701 [main] com.project.service.impl.DentistServiceImpl  - Dentist has been created
INFO    2022-12-10 19:46:36,705 [main] com.project.service.impl.DentistServiceImpl  - Dentist has been created
INFO    2022-12-10 19:46:36,717 [main] com.project.service.impl.PatientServiceImpl  - Patient has been created
INFO    2022-12-10 19:46:36,720 [main] com.project.service.impl.PatientServiceImpl  - Patient has been created
INFO    2022-12-10 19:46:36,723 [main] com.project.service.impl.PatientServiceImpl  - Patient has been created
INFO    2022-12-10 19:50:57,198 [main] com.project.service.impl.DentistServiceImpl  - Dentist has been created
INFO    2022-12-10 19:50:57,200 [main] com.project.service.impl.DentistServiceImpl  - Dentist has been created
INFO    2022-12-10 19:50:57,202 [main] com.project.service.impl.DentistServiceImpl  - Dentist has been created
INFO    2022-12-10 19:50:57,207 [main] com.project.service.impl.PatientServiceImpl  - Patient has been created
INFO    2022-12-10 19:50:57,209 [main] com.project.service.impl.PatientServiceImpl  - Patient has been created
INFO    2022-12-10 19:50:57,211 [main] com.project.service.impl.PatientServiceImpl  - Patient has been created
INFO    2022-12-10 19:54:05,706 [main] com.project.service.impl.DentistServiceImpl  - Dentist has been created
INFO    2022-12-10 19:54:05,708 [main] com.project.service.impl.DentistServiceImpl  - Dentist has been created
INFO    2022-12-10 19:54:05,709 [main] com.project.service.impl.DentistServiceImpl  - Dentist has been created
INFO    2022-12-10 19:54:05,712 [main] com.project.service.impl.PatientServiceImpl  - Patient has been created
INFO    2022-12-10 19:54:05,713 [main] com.project.service.impl.PatientServiceImpl  - Patient has been created
INFO    2022-12-10 19:54:05,714 [main] com.project.service.impl.PatientServiceImpl  - Patient has been created
INFO    2022-12-10 19:55:19,815 [main] com.project.service.impl.DentistServiceImpl  - Dentist has been created
INFO    2022-12-10 19:55:19,818 [main] com.project.service.impl.DentistServiceImpl  - Dentist has been created
INFO    2022-12-10 19:55:19,819 [main] com.project.service.impl.DentistServiceImpl  - Dentist has been created
INFO    2022-12-10 19:55:19,822 [main] com.project.service.impl.PatientServiceImpl  - Patient has been created
INFO    2022-12-10 19:55:19,823 [main] com.project.service.impl.PatientServiceImpl  - Patient has been created
INFO    2022-12-10 19:55:19,824 [main] com.project.service.impl.PatientServiceImpl  - Patient has been created
INFO    2022-12-10 19:56:04,791 [main] com.project.service.impl.DentistServiceImpl  - Dentist has been created
INFO    2022-12-10 19:56:04,794 [main] com.project.service.impl.DentistServiceImpl  - Dentist has been created
INFO    2022-12-10 19:56:04,795 [main] com.project.service.impl.DentistServiceImpl  - Dentist has been created
INFO    2022-12-10 19:56:04,800 [main] com.project.service.impl.PatientServiceImpl  - Patient has been created
INFO    2022-12-10 19:56:04,801 [main] com.project.service.impl.PatientServiceImpl  - Patient has been created
INFO    2022-12-10 19:56:04,802 [main] com.project.service.impl.PatientServiceImpl  - Patient has been created
INFO    2022-12-10 20:12:11,951 [main] com.project.service.impl.DentistServiceImpl  - Dentist has been created
INFO    2022-12-10 20:12:11,953 [main] com.project.service.impl.DentistServiceImpl  - Dentist has been created
INFO    2022-12-10 20:12:11,954 [main] com.project.service.impl.DentistServiceImpl  - Dentist has been created
INFO    2022-12-10 20:12:11,957 [main] com.project.service.impl.PatientServiceImpl  - Patient has been created
INFO    2022-12-10 20:12:11,958 [main] com.project.service.impl.PatientServiceImpl  - Patient has been created
INFO    2022-12-10 20:12:11,959 [main] com.project.service.impl.PatientServiceImpl  - Patient has been created
INFO    2022-12-10 20:12:50,651 [main] com.project.service.impl.DentistServiceImpl  - Dentist has been created
INFO    2022-12-10 20:12:50,653 [main] com.project.service.impl.DentistServiceImpl  - Dentist has been created
INFO    2022-12-10 20:12:50,654 [main] com.project.service.impl.DentistServiceImpl  - Dentist has been created
INFO    2022-12-10 20:12:50,658 [main] com.project.service.impl.PatientServiceImpl  - Patient has been created
INFO    2022-12-10 20:12:50,659 [main] com.project.service.impl.PatientServiceImpl  - Patient has been created
INFO    2022-12-10 20:12:50,660 [main] com.project.service.impl.PatientServiceImpl  - Patient has been created
INFO    2022-12-10 20:13:50,437 [main] com.project.service.impl.DentistServiceImpl  - Dentist has been created
INFO    2022-12-10 20:13:50,438 [main] com.project.service.impl.DentistServiceImpl  - Dentist has been created
INFO    2022-12-10 20:13:50,439 [main] com.project.service.impl.DentistServiceImpl  - Dentist has been created
INFO    2022-12-10 20:13:50,442 [main] com.project.service.impl.PatientServiceImpl  - Patient has been created
INFO    2022-12-10 20:13:50,443 [main] com.project.service.impl.PatientServiceImpl  - Patient has been created
INFO    2022-12-10 20:13:50,444 [main] com.project.service.impl.PatientServiceImpl  - Patient has been created
INFO    2022-12-10 20:32:11,047 [main] com.project.service.impl.DentistServiceImpl  - Dentist has been created
INFO    2022-12-10 20:32:11,049 [main] com.project.service.impl.DentistServiceImpl  - Dentist has been created
INFO    2022-12-10 20:32:11,050 [main] com.project.service.impl.DentistServiceImpl  - Dentist has been created
INFO    2022-12-10 20:32:11,054 [main] com.project.service.impl.PatientServiceImpl  - Patient has been created
INFO    2022-12-10 20:32:11,056 [main] com.project.service.impl.PatientServiceImpl  - Patient has been created
INFO    2022-12-10 20:32:11,057 [main] com.project.service.impl.PatientServiceImpl  - Patient has been created
INFO    2022-12-10 20:32:11,064 [main] com.project.service.impl.DentistServiceImpl  - Dentist has been created
INFO    2022-12-10 20:32:11,065 [main] com.project.service.impl.PatientServiceImpl  - Patient has been created
INFO    2022-12-10 20:32:11,065 [main] com.project.service.impl.AppointmentServiceImpl  - Appointment has been saved
INFO    2022-12-10 20:33:24,232 [main] com.project.service.impl.DentistServiceImpl  - Dentist has been created
INFO    2022-12-10 20:33:24,234 [main] com.project.service.impl.DentistServiceImpl  - Dentist has been created
INFO    2022-12-10 20:33:24,235 [main] com.project.service.impl.DentistServiceImpl  - Dentist has been created
INFO    2022-12-10 20:33:24,239 [main] com.project.service.impl.PatientServiceImpl  - Patient has been created
INFO    2022-12-10 20:33:24,240 [main] com.project.service.impl.PatientServiceImpl  - Patient has been created
INFO    2022-12-10 20:33:24,241 [main] com.project.service.impl.PatientServiceImpl  - Patient has been created
INFO    2022-12-10 20:33:24,267 [main] com.project.service.impl.AppointmentServiceImpl  - Appointment with Id 1 was deleted
INFO    2022-12-10 20:37:36,616 [main] com.project.service.impl.DentistServiceImpl  - Dentist has been created
INFO    2022-12-10 20:37:36,618 [main] com.project.service.impl.DentistServiceImpl  - Dentist has been created
INFO    2022-12-10 20:37:36,619 [main] com.project.service.impl.DentistServiceImpl  - Dentist has been created
INFO    2022-12-10 20:37:36,623 [main] com.project.service.impl.PatientServiceImpl  - Patient has been created
INFO    2022-12-10 20:37:36,624 [main] com.project.service.impl.PatientServiceImpl  - Patient has been created
INFO    2022-12-10 20:37:36,625 [main] com.project.service.impl.PatientServiceImpl  - Patient has been created
INFO    2022-12-10 20:37:36,632 [main] com.project.service.impl.DentistServiceImpl  - Dentist has been created
INFO    2022-12-10 20:37:36,633 [main] com.project.service.impl.PatientServiceImpl  - Patient has been created
INFO    2022-12-10 20:37:36,633 [main] com.project.service.impl.AppointmentServiceImpl  - The Appointment has been updated
INFO    2022-12-10 20:38:57,818 [main] com.project.service.impl.DentistServiceImpl  - Dentist has been created
INFO    2022-12-10 20:38:57,819 [main] com.project.service.impl.DentistServiceImpl  - Dentist has been created
INFO    2022-12-10 20:38:57,820 [main] com.project.service.impl.DentistServiceImpl  - Dentist has been created
INFO    2022-12-10 20:38:57,824 [main] com.project.service.impl.PatientServiceImpl  - Patient has been created
INFO    2022-12-10 20:38:57,825 [main] com.project.service.impl.PatientServiceImpl  - Patient has been created
INFO    2022-12-10 20:38:57,826 [main] com.project.service.impl.PatientServiceImpl  - Patient has been created
INFO    2022-12-10 20:38:57,841 [main] com.project.service.impl.DentistServiceImpl  - Dentist has been created
INFO    2022-12-10 20:38:57,842 [main] com.project.service.impl.PatientServiceImpl  - Patient has been created
INFO    2022-12-10 20:38:57,842 [main] com.project.service.impl.AppointmentServiceImpl  - The Appointment has been updated
INFO    2022-12-10 20:40:02,638 [main] com.project.service.impl.DentistServiceImpl  - Dentist has been created
INFO    2022-12-10 20:40:02,639 [main] com.project.service.impl.DentistServiceImpl  - Dentist has been created
INFO    2022-12-10 20:40:02,640 [main] com.project.service.impl.DentistServiceImpl  - Dentist has been created
INFO    2022-12-10 20:40:02,643 [main] com.project.service.impl.PatientServiceImpl  - Patient has been created
INFO    2022-12-10 20:40:02,644 [main] com.project.service.impl.PatientServiceImpl  - Patient has been created
INFO    2022-12-10 20:40:02,645 [main] com.project.service.impl.PatientServiceImpl  - Patient has been created
INFO    2022-12-10 20:40:02,668 [main] com.project.service.impl.AppointmentServiceImpl  - Appointment with Id 1 was deleted
ERROR   2022-12-10 20:40:02,677 [main] com.project.service.impl.AppointmentServiceImpl  - The Appointment with id 1 was not found
INFO    2022-12-10 20:40:13,347 [main] com.project.service.impl.DentistServiceImpl  - Dentist has been created
INFO    2022-12-10 20:40:13,349 [main] com.project.service.impl.DentistServiceImpl  - Dentist has been created
INFO    2022-12-10 20:40:13,350 [main] com.project.service.impl.DentistServiceImpl  - Dentist has been created
INFO    2022-12-10 20:40:13,354 [main] com.project.service.impl.PatientServiceImpl  - Patient has been created
INFO    2022-12-10 20:40:13,355 [main] com.project.service.impl.PatientServiceImpl  - Patient has been created
INFO    2022-12-10 20:40:13,356 [main] com.project.service.impl.PatientServiceImpl  - Patient has been created
INFO    2022-12-10 20:40:14,106 [main] com.project.service.impl.DentistServiceImpl  - Dentist has been created
INFO    2022-12-10 20:40:14,107 [main] com.project.service.impl.DentistServiceImpl  - Dentist has been created
INFO    2022-12-10 20:40:14,108 [main] com.project.service.impl.DentistServiceImpl  - Dentist has been created
INFO    2022-12-10 20:40:14,110 [main] com.project.service.impl.PatientServiceImpl  - Patient has been created
INFO    2022-12-10 20:40:14,111 [main] com.project.service.impl.PatientServiceImpl  - Patient has been created
INFO    2022-12-10 20:40:14,112 [main] com.project.service.impl.PatientServiceImpl  - Patient has been created
INFO    2022-12-10 20:40:14,118 [main] com.project.service.impl.DentistServiceImpl  - Dentist has been created
INFO    2022-12-10 20:40:14,119 [main] com.project.service.impl.PatientServiceImpl  - Patient has been created
INFO    2022-12-10 20:40:14,119 [main] com.project.service.impl.AppointmentServiceImpl  - Appointment has been saved
INFO    2022-12-10 20:40:14,721 [main] com.project.service.impl.DentistServiceImpl  - Dentist has been created
INFO    2022-12-10 20:40:14,722 [main] com.project.service.impl.DentistServiceImpl  - Dentist has been created
INFO    2022-12-10 20:40:14,723 [main] com.project.service.impl.DentistServiceImpl  - Dentist has been created
INFO    2022-12-10 20:40:14,725 [main] com.project.service.impl.PatientServiceImpl  - Patient has been created
INFO    2022-12-10 20:40:14,726 [main] com.project.service.impl.PatientServiceImpl  - Patient has been created
INFO    2022-12-10 20:40:14,726 [main] com.project.service.impl.PatientServiceImpl  - Patient has been created
INFO    2022-12-10 20:40:14,731 [main] com.project.service.impl.DentistServiceImpl  - Dentist has been created
INFO    2022-12-10 20:40:14,731 [main] com.project.service.impl.PatientServiceImpl  - Patient has been created
INFO    2022-12-10 20:40:14,732 [main] com.project.service.impl.AppointmentServiceImpl  - The Appointment has been updated
INFO    2022-12-10 20:40:15,299 [main] com.project.service.impl.DentistServiceImpl  - Dentist has been created
INFO    2022-12-10 20:40:15,301 [main] com.project.service.impl.DentistServiceImpl  - Dentist has been created
INFO    2022-12-10 20:40:15,302 [main] com.project.service.impl.DentistServiceImpl  - Dentist has been created
INFO    2022-12-10 20:40:15,304 [main] com.project.service.impl.PatientServiceImpl  - Patient has been created
INFO    2022-12-10 20:40:15,305 [main] com.project.service.impl.PatientServiceImpl  - Patient has been created
INFO    2022-12-10 20:40:15,306 [main] com.project.service.impl.PatientServiceImpl  - Patient has been created
INFO    2022-12-10 20:40:15,314 [main] com.project.service.impl.AppointmentServiceImpl  - Appointment with Id 1 was deleted
ERROR   2022-12-10 20:40:15,323 [main] com.project.service.impl.AppointmentServiceImpl  - The Appointment with id 1 was not found
INFO    2022-12-10 20:40:15,752 [main] com.project.service.impl.DentistServiceImpl  - Dentist has been created
INFO    2022-12-10 20:40:15,753 [main] com.project.service.impl.DentistServiceImpl  - Dentist has been created
INFO    2022-12-10 20:40:15,754 [main] com.project.service.impl.DentistServiceImpl  - Dentist has been created
INFO    2022-12-10 20:40:15,756 [main] com.project.service.impl.PatientServiceImpl  - Patient has been created
INFO    2022-12-10 20:40:15,757 [main] com.project.service.impl.PatientServiceImpl  - Patient has been created
INFO    2022-12-10 20:40:15,758 [main] com.project.service.impl.PatientServiceImpl  - Patient has been created
INFO    2022-12-10 20:40:15,763 [main] com.project.service.impl.AppointmentServiceImpl  - Appointment with Id 1 was deleted
INFO    2022-12-10 20:40:16,160 [main] com.project.service.impl.DentistServiceImpl  - Dentist has been created
INFO    2022-12-10 20:40:16,161 [main] com.project.service.impl.DentistServiceImpl  - Dentist has been created
INFO    2022-12-10 20:40:16,162 [main] com.project.service.impl.DentistServiceImpl  - Dentist has been created
INFO    2022-12-10 20:40:16,163 [main] com.project.service.impl.PatientServiceImpl  - Patient has been created
INFO    2022-12-10 20:40:16,164 [main] com.project.service.impl.PatientServiceImpl  - Patient has been created
INFO    2022-12-10 20:40:16,164 [main] com.project.service.impl.PatientServiceImpl  - Patient has been created
INFO    2022-12-10 20:44:41,765 [main] com.project.service.impl.DentistServiceImpl  - Dentist has been created
INFO    2022-12-10 20:44:41,766 [main] com.project.service.impl.DentistServiceImpl  - Dentist has been created
INFO    2022-12-10 20:44:41,767 [main] com.project.service.impl.DentistServiceImpl  - Dentist has been created
INFO    2022-12-10 20:44:41,770 [main] com.project.service.impl.PatientServiceImpl  - Patient has been created
INFO    2022-12-10 20:44:41,771 [main] com.project.service.impl.PatientServiceImpl  - Patient has been created
INFO    2022-12-10 20:44:41,772 [main] com.project.service.impl.PatientServiceImpl  - Patient has been created
INFO    2022-12-10 20:44:41,777 [main] com.project.service.impl.DentistServiceImpl  - Dentist has been created
INFO    2022-12-10 20:44:41,778 [main] com.project.service.impl.PatientServiceImpl  - Patient has been created
INFO    2022-12-10 20:44:41,778 [main] com.project.service.impl.AppointmentServiceImpl  - Appointment has been saved
INFO    2022-12-10 20:45:03,098 [main] com.project.service.impl.DentistServiceImpl  - Dentist has been created
INFO    2022-12-10 20:45:03,100 [main] com.project.service.impl.DentistServiceImpl  - Dentist has been created
INFO    2022-12-10 20:45:03,101 [main] com.project.service.impl.DentistServiceImpl  - Dentist has been created
INFO    2022-12-10 20:45:03,104 [main] com.project.service.impl.PatientServiceImpl  - Patient has been created
INFO    2022-12-10 20:45:03,104 [main] com.project.service.impl.PatientServiceImpl  - Patient has been created
INFO    2022-12-10 20:45:03,105 [main] com.project.service.impl.PatientServiceImpl  - Patient has been created
INFO    2022-12-10 20:45:03,111 [main] com.project.service.impl.DentistServiceImpl  - Dentist has been created
INFO    2022-12-10 20:45:03,111 [main] com.project.service.impl.PatientServiceImpl  - Patient has been created
INFO    2022-12-10 20:45:03,111 [main] com.project.service.impl.AppointmentServiceImpl  - Appointment has been saved
INFO    2022-12-10 20:45:41,441 [main] com.project.service.impl.DentistServiceImpl  - Dentist has been created
INFO    2022-12-10 20:45:41,443 [main] com.project.service.impl.DentistServiceImpl  - Dentist has been created
INFO    2022-12-10 20:45:41,444 [main] com.project.service.impl.DentistServiceImpl  - Dentist has been created
INFO    2022-12-10 20:45:41,452 [main] com.project.service.impl.PatientServiceImpl  - Patient has been created
INFO    2022-12-10 20:45:41,454 [main] com.project.service.impl.PatientServiceImpl  - Patient has been created
INFO    2022-12-10 20:45:41,456 [main] com.project.service.impl.PatientServiceImpl  - Patient has been created
INFO    2022-12-10 20:45:41,509 [main] com.project.service.impl.DentistServiceImpl  - Dentist has been created
INFO    2022-12-10 20:45:41,512 [main] com.project.service.impl.PatientServiceImpl  - Patient has been created
INFO    2022-12-10 20:45:41,512 [main] com.project.service.impl.AppointmentServiceImpl  - Appointment has been saved
INFO    2022-12-10 20:45:52,072 [main] com.project.service.impl.DentistServiceImpl  - Dentist has been created
INFO    2022-12-10 20:45:52,074 [main] com.project.service.impl.DentistServiceImpl  - Dentist has been created
INFO    2022-12-10 20:45:52,075 [main] com.project.service.impl.DentistServiceImpl  - Dentist has been created
INFO    2022-12-10 20:45:52,078 [main] com.project.service.impl.PatientServiceImpl  - Patient has been created
INFO    2022-12-10 20:45:52,079 [main] com.project.service.impl.PatientServiceImpl  - Patient has been created
INFO    2022-12-10 20:45:52,080 [main] com.project.service.impl.PatientServiceImpl  - Patient has been created
INFO    2022-12-10 20:45:52,085 [main] com.project.service.impl.DentistServiceImpl  - Dentist has been created
INFO    2022-12-10 20:45:52,086 [main] com.project.service.impl.PatientServiceImpl  - Patient has been created
INFO    2022-12-10 20:45:52,086 [main] com.project.service.impl.AppointmentServiceImpl  - Appointment has been saved
INFO    2022-12-10 20:47:35,609 [main] com.project.service.impl.DentistServiceImpl  - Dentist has been created
INFO    2022-12-10 20:47:35,610 [main] com.project.service.impl.DentistServiceImpl  - Dentist has been created
INFO    2022-12-10 20:47:35,612 [main] com.project.service.impl.DentistServiceImpl  - Dentist has been created
INFO    2022-12-10 20:47:35,616 [main] com.project.service.impl.PatientServiceImpl  - Patient has been created
INFO    2022-12-10 20:47:35,617 [main] com.project.service.impl.PatientServiceImpl  - Patient has been created
INFO    2022-12-10 20:47:35,618 [main] com.project.service.impl.PatientServiceImpl  - Patient has been created
INFO    2022-12-10 20:47:35,625 [main] com.project.service.impl.DentistServiceImpl  - Dentist has been created
INFO    2022-12-10 20:47:35,626 [main] com.project.service.impl.PatientServiceImpl  - Patient has been created
INFO    2022-12-10 20:47:35,626 [main] com.project.service.impl.AppointmentServiceImpl  - Appointment has been saved
INFO    2022-12-10 20:47:56,226 [main] com.project.service.impl.DentistServiceImpl  - Dentist has been created
INFO    2022-12-10 20:47:56,228 [main] com.project.service.impl.DentistServiceImpl  - Dentist has been created
INFO    2022-12-10 20:47:56,229 [main] com.project.service.impl.DentistServiceImpl  - Dentist has been created
INFO    2022-12-10 20:47:56,232 [main] com.project.service.impl.PatientServiceImpl  - Patient has been created
INFO    2022-12-10 20:47:56,233 [main] com.project.service.impl.PatientServiceImpl  - Patient has been created
INFO    2022-12-10 20:47:56,234 [main] com.project.service.impl.PatientServiceImpl  - Patient has been created
INFO    2022-12-10 20:47:56,995 [main] com.project.service.impl.DentistServiceImpl  - Dentist has been created
INFO    2022-12-10 20:47:56,996 [main] com.project.service.impl.DentistServiceImpl  - Dentist has been created
INFO    2022-12-10 20:47:56,997 [main] com.project.service.impl.DentistServiceImpl  - Dentist has been created
INFO    2022-12-10 20:47:56,999 [main] com.project.service.impl.PatientServiceImpl  - Patient has been created
INFO    2022-12-10 20:47:57,000 [main] com.project.service.impl.PatientServiceImpl  - Patient has been created
INFO    2022-12-10 20:47:57,001 [main] com.project.service.impl.PatientServiceImpl  - Patient has been created
INFO    2022-12-10 20:47:57,008 [main] com.project.service.impl.DentistServiceImpl  - Dentist has been created
INFO    2022-12-10 20:47:57,009 [main] com.project.service.impl.PatientServiceImpl  - Patient has been created
INFO    2022-12-10 20:47:57,009 [main] com.project.service.impl.AppointmentServiceImpl  - Appointment has been saved
INFO    2022-12-10 20:47:57,625 [main] com.project.service.impl.DentistServiceImpl  - Dentist has been created
INFO    2022-12-10 20:47:57,626 [main] com.project.service.impl.DentistServiceImpl  - Dentist has been created
INFO    2022-12-10 20:47:57,627 [main] com.project.service.impl.DentistServiceImpl  - Dentist has been created
INFO    2022-12-10 20:47:57,629 [main] com.project.service.impl.PatientServiceImpl  - Patient has been created
INFO    2022-12-10 20:47:57,630 [main] com.project.service.impl.PatientServiceImpl  - Patient has been created
INFO    2022-12-10 20:47:57,631 [main] com.project.service.impl.PatientServiceImpl  - Patient has been created
INFO    2022-12-10 20:47:57,636 [main] com.project.service.impl.DentistServiceImpl  - Dentist has been created
INFO    2022-12-10 20:47:57,637 [main] com.project.service.impl.PatientServiceImpl  - Patient has been created
INFO    2022-12-10 20:47:57,638 [main] com.project.service.impl.AppointmentServiceImpl  - Appointment has been saved
INFO    2022-12-10 20:47:58,210 [main] com.project.service.impl.DentistServiceImpl  - Dentist has been created
INFO    2022-12-10 20:47:58,211 [main] com.project.service.impl.DentistServiceImpl  - Dentist has been created
INFO    2022-12-10 20:47:58,212 [main] com.project.service.impl.DentistServiceImpl  - Dentist has been created
INFO    2022-12-10 20:47:58,214 [main] com.project.service.impl.PatientServiceImpl  - Patient has been created
INFO    2022-12-10 20:47:58,216 [main] com.project.service.impl.PatientServiceImpl  - Patient has been created
INFO    2022-12-10 20:47:58,217 [main] com.project.service.impl.PatientServiceImpl  - Patient has been created
INFO    2022-12-10 20:47:58,221 [main] com.project.service.impl.DentistServiceImpl  - Dentist has been created
INFO    2022-12-10 20:47:58,222 [main] com.project.service.impl.PatientServiceImpl  - Patient has been created
INFO    2022-12-10 20:47:58,222 [main] com.project.service.impl.AppointmentServiceImpl  - The Appointment has been updated
INFO    2022-12-10 20:47:58,715 [main] com.project.service.impl.DentistServiceImpl  - Dentist has been created
INFO    2022-12-10 20:47:58,716 [main] com.project.service.impl.DentistServiceImpl  - Dentist has been created
INFO    2022-12-10 20:47:58,717 [main] com.project.service.impl.DentistServiceImpl  - Dentist has been created
INFO    2022-12-10 20:47:58,718 [main] com.project.service.impl.PatientServiceImpl  - Patient has been created
INFO    2022-12-10 20:47:58,719 [main] com.project.service.impl.PatientServiceImpl  - Patient has been created
INFO    2022-12-10 20:47:58,719 [main] com.project.service.impl.PatientServiceImpl  - Patient has been created
INFO    2022-12-10 20:47:58,724 [main] com.project.service.impl.AppointmentServiceImpl  - Appointment with Id 1 was deleted
ERROR   2022-12-10 20:47:58,730 [main] com.project.service.impl.AppointmentServiceImpl  - The Appointment with id 1 was not found
INFO    2022-12-10 20:47:59,102 [main] com.project.service.impl.DentistServiceImpl  - Dentist has been created
INFO    2022-12-10 20:47:59,103 [main] com.project.service.impl.DentistServiceImpl  - Dentist has been created
INFO    2022-12-10 20:47:59,103 [main] com.project.service.impl.DentistServiceImpl  - Dentist has been created
INFO    2022-12-10 20:47:59,105 [main] com.project.service.impl.PatientServiceImpl  - Patient has been created
INFO    2022-12-10 20:47:59,105 [main] com.project.service.impl.PatientServiceImpl  - Patient has been created
INFO    2022-12-10 20:47:59,106 [main] com.project.service.impl.PatientServiceImpl  - Patient has been created
INFO    2022-12-10 20:47:59,110 [main] com.project.service.impl.AppointmentServiceImpl  - Appointment with Id 1 was deleted
INFO    2022-12-10 20:47:59,485 [main] com.project.service.impl.DentistServiceImpl  - Dentist has been created
INFO    2022-12-10 20:47:59,485 [main] com.project.service.impl.DentistServiceImpl  - Dentist has been created
INFO    2022-12-10 20:47:59,486 [main] com.project.service.impl.DentistServiceImpl  - Dentist has been created
INFO    2022-12-10 20:47:59,488 [main] com.project.service.impl.PatientServiceImpl  - Patient has been created
INFO    2022-12-10 20:47:59,488 [main] com.project.service.impl.PatientServiceImpl  - Patient has been created
INFO    2022-12-10 20:47:59,489 [main] com.project.service.impl.PatientServiceImpl  - Patient has been created
INFO    2022-12-11 10:08:55,282 [http-nio-8080-exec-5] com.project.service.impl.PatientServiceImpl  - Patient has been created
INFO    2022-12-11 10:09:08,214 [http-nio-8080-exec-6] com.project.service.impl.DentistServiceImpl  - Dentist has been created
INFO    2022-12-11 10:13:21,172 [http-nio-8080-exec-2] com.project.service.impl.AppointmentServiceImpl  - Appointment has been saved
INFO    2022-12-11 10:14:09,311 [http-nio-8080-exec-3] com.project.service.impl.DentistServiceImpl  - Dentist has been created
INFO    2022-12-11 10:20:59,942 [http-nio-8080-exec-2] com.project.service.impl.PatientServiceImpl  - Patient has been created
INFO    2022-12-11 10:21:06,775 [http-nio-8080-exec-3] com.project.service.impl.DentistServiceImpl  - Dentist has been created
INFO    2022-12-11 10:21:34,692 [http-nio-8080-exec-4] com.project.service.impl.AppointmentServiceImpl  - Appointment has been saved
ERROR   2022-12-11 10:22:13,432 [http-nio-8080-exec-6] com.project.service.impl.AppointmentServiceImpl  - The Appointment should contain the Appointment, Dentist and Patient Id in order to update it
INFO    2022-12-11 10:22:29,611 [http-nio-8080-exec-8] com.project.service.impl.DentistServiceImpl  - Dentist with Id 1 has been updated
ERROR   2022-12-11 10:24:31,801 [http-nio-8080-exec-7] com.project.service.impl.AppointmentServiceImpl  - The Appointment should contain the Appointment, Dentist and Patient Id in order to update it
INFO    2022-12-11 10:24:57,655 [http-nio-8080-exec-9] com.project.service.impl.AppointmentServiceImpl  - The Appointment has been updated
INFO    2022-12-11 10:25:21,013 [http-nio-8080-exec-2] com.project.service.impl.DentistServiceImpl  - Dentist has been created
INFO    2022-12-11 10:25:24,221 [http-nio-8080-exec-3] com.project.service.impl.AppointmentServiceImpl  - The Appointment has been updated
INFO    2022-12-11 10:28:47,105 [http-nio-8080-exec-6] com.project.service.impl.AppointmentServiceImpl  - Appointment with Id 1 was deleted
INFO    2022-12-11 10:34:18,089 [http-nio-8080-exec-2] com.project.service.impl.DentistServiceImpl  - Dentist has been created
INFO    2022-12-11 10:34:20,122 [http-nio-8080-exec-3] com.project.service.impl.PatientServiceImpl  - Patient has been created
INFO    2022-12-11 10:34:35,535 [http-nio-8080-exec-4] com.project.service.impl.AppointmentServiceImpl  - Appointment has been saved
INFO    2022-12-11 13:34:00,910 [http-nio-8080-exec-3] com.project.service.impl.PatientServiceImpl  - Patient has been created
INFO    2022-12-11 13:34:10,580 [http-nio-8080-exec-4] com.project.service.impl.PatientServiceImpl  - Patient has been created
INFO    2022-12-11 13:35:03,236 [http-nio-8080-exec-1] com.project.service.impl.PatientServiceImpl  - Patient has been created
INFO    2022-12-11 13:35:15,253 [http-nio-8080-exec-3] com.project.service.impl.PatientServiceImpl  - Patient has been created
INFO    2022-12-11 13:49:05,086 [http-nio-8080-exec-2] com.project.service.impl.DentistServiceImpl  - Dentist has been created
INFO    2022-12-11 13:50:15,913 [http-nio-8080-exec-2] com.project.service.impl.DentistServiceImpl  - Dentist has been created
INFO    2022-12-11 14:45:11,072 [main] com.project.service.impl.DentistServiceImpl  - Dentist with Id 1 has been updated
INFO    2022-12-11 14:45:14,203 [main] com.project.service.impl.DentistServiceImpl  - Dentist has been created
INFO    2022-12-11 14:45:14,592 [main] com.project.service.impl.DentistServiceImpl  - Dentist with Id 1 has been deleted
INFO    2022-12-11 14:45:15,020 [main] com.project.service.impl.DentistServiceImpl  - Dentist with Id 1 has been deleted
ERROR   2022-12-11 14:45:15,025 [main] com.project.service.impl.DentistServiceImpl  - Dentist with Id 1 was not found
INFO    2022-12-11 14:46:26,423 [main] com.project.service.impl.DentistServiceImpl  - Dentist with Id 1 has been updated
INFO    2022-12-11 14:46:29,420 [main] com.project.service.impl.DentistServiceImpl  - Dentist has been created
INFO    2022-12-11 14:46:29,893 [main] com.project.service.impl.DentistServiceImpl  - Dentist with Id 1 has been deleted
INFO    2022-12-11 14:46:30,351 [main] com.project.service.impl.DentistServiceImpl  - Dentist with Id 1 has been deleted
ERROR   2022-12-11 14:46:30,355 [main] com.project.service.impl.DentistServiceImpl  - Dentist with Id 1 was not found
INFO    2022-12-11 14:54:47,887 [http-nio-8080-exec-1] com.project.service.impl.DentistServiceImpl  - Dentist has been created
INFO    2022-12-11 14:56:06,303 [http-nio-8080-exec-1] com.project.service.impl.DentistServiceImpl  - Dentist has been created
INFO    2022-12-11 14:57:08,628 [http-nio-8080-exec-2] com.project.service.impl.DentistServiceImpl  - Dentist has been created
INFO    2022-12-11 15:15:53,868 [http-nio-8080-exec-1] com.project.service.impl.DentistServiceImpl  - Dentist has been created
INFO    2022-12-11 15:16:01,630 [http-nio-8080-exec-3] com.project.service.impl.DentistServiceImpl  - Dentist has been created
INFO    2022-12-11 18:57:35,004 [main] com.project.service.impl.DentistServiceImpl  - Dentist with Id 1 has been updated
INFO    2022-12-11 18:57:37,866 [main] com.project.service.impl.DentistServiceImpl  - Dentist has been created
INFO    2022-12-11 18:57:38,346 [main] com.project.service.impl.DentistServiceImpl  - Dentist with Id 1 has been deleted
INFO    2022-12-11 18:57:38,808 [main] com.project.service.impl.DentistServiceImpl  - Dentist with Id 1 has been deleted
ERROR   2022-12-11 18:57:38,812 [main] com.project.service.impl.DentistServiceImpl  - Dentist with Id 1 was not found
INFO    2022-12-11 19:09:57,496 [main] com.project.service.impl.DentistServiceImpl  - Dentist with Id 1 has been updated
INFO    2022-12-11 19:10:00,193 [main] com.project.service.impl.DentistServiceImpl  - Dentist has been created
INFO    2022-12-11 19:10:00,669 [main] com.project.service.impl.DentistServiceImpl  - Dentist with Id 1 has been deleted
INFO    2022-12-11 19:10:01,078 [main] com.project.service.impl.DentistServiceImpl  - Dentist with Id 1 has been deleted
ERROR   2022-12-11 19:10:01,082 [main] com.project.service.impl.DentistServiceImpl  - Dentist with Id 1 was not found
INFO    2022-12-11 19:10:17,259 [main] com.project.service.impl.DentistServiceImpl  - Dentist with Id 1 has been updated
INFO    2022-12-11 19:10:19,960 [main] com.project.service.impl.DentistServiceImpl  - Dentist has been created
INFO    2022-12-11 19:10:20,390 [main] com.project.service.impl.DentistServiceImpl  - Dentist with Id 1 has been deleted
INFO    2022-12-11 19:10:20,784 [main] com.project.service.impl.DentistServiceImpl  - Dentist with Id 1 has been deleted
ERROR   2022-12-11 19:10:20,788 [main] com.project.service.impl.DentistServiceImpl  - Dentist with Id 1 was not found
INFO    2022-12-11 19:11:17,626 [http-nio-8080-exec-1] com.project.service.impl.DentistServiceImpl  - Dentist has been created
INFO    2022-12-11 19:18:58,276 [http-nio-8080-exec-3] com.project.service.impl.DentistServiceImpl  - Dentist has been created
